This is pdfeTeX, Version 3.141592-1.30.5-2.2 (Web2C 7.5.5) (format=pdflatex 2008.6.24)  1 NOV 2008 02:07
entering extended mode
**index.tex
(./index.tex
LaTeX2e <2003/12/01>
Babel <v3.8g> and hyphenation patterns for english, usenglishmax, dumylang, noh
yphenation, loaded.
(/usr/share/texmf-texlive/tex/latex/base/report.cls
Document Class: report 2004/02/16 v1.4f Standard LaTeX document class
(/usr/share/texmf-texlive/tex/latex/base/size10.clo
File: size10.clo 2004/02/16 v1.4f Standard LaTeX file (size option)
)
\c@part=\count79
\c@chapter=\count80
\c@section=\count81
\c@subsection=\count82
\c@subsubsection=\count83
\c@paragraph=\count84
\c@subparagraph=\count85
\c@figure=\count86
\c@table=\count87
\abovecaptionskip=\skip41
\belowcaptionskip=\skip42
\bibindent=\dimen102
)
(/usr/share/texmf-texlive/tex/latex/tools/tabularx.sty
Package: tabularx 1999/01/07 v2.07 `tabularx' package (DPC)

(/usr/share/texmf-texlive/tex/latex/tools/array.sty
Package: array 2003/12/17 v2.4a Tabular extension package (FMi)
\col@sep=\dimen103
\extrarowheight=\dimen104
\NC@list=\toks14
\extratabsurround=\skip43
\backup@length=\skip44
)
\TX@col@width=\dimen105
\TX@old@table=\dimen106
\TX@old@col=\dimen107
\TX@target=\dimen108
\TX@delta=\dimen109
\TX@cols=\count88
\TX@ftn=\toks15
) (./html.sty
Package: html 1996/12/22 v1.1 hypertext commands for latex2html (nd, hws, rrm)
\c@lpart=\count89
\c@lchapter=\count90
\c@lsection=\count91
\c@lsubsection=\count92
\c@lsubsubsection=\count93
\c@lparagraph=\count94
\c@lsubparagraph=\count95
\c@lequation=\count96
\c@lsubsubparagraph=\count97
\ptrfile=\write3
) (./index.aux)
\openout1 = `index.aux'.

LaTeX Font Info:    Checking defaults for OML/cmm/m/it on input line 29.
LaTeX Font Info:    ... okay on input line 29.
LaTeX Font Info:    Checking defaults for T1/cmr/m/n on input line 29.
LaTeX Font Info:    ... okay on input line 29.
LaTeX Font Info:    Checking defaults for OT1/cmr/m/n on input line 29.
LaTeX Font Info:    ... okay on input line 29.
LaTeX Font Info:    Checking defaults for OMS/cmsy/m/n on input line 29.
LaTeX Font Info:    ... okay on input line 29.
LaTeX Font Info:    Checking defaults for OMX/cmex/m/n on input line 29.
LaTeX Font Info:    ... okay on input line 29.
LaTeX Font Info:    Checking defaults for U/cmr/m/n on input line 29.
LaTeX Font Info:    ... okay on input line 29.
LaTeX Font Info:    External font `cmex10' loaded for size
(Font)              <12> on input line 30.
LaTeX Font Info:    External font `cmex10' loaded for size
(Font)              <8> on input line 30.
LaTeX Font Info:    External font `cmex10' loaded for size
(Font)              <6> on input line 30.


LaTeX Warning: No \author given.

[1

{/var/lib/texmf/fonts/map/pdftex/updmap/pdftex.map}] (./index.toc
LaTeX Font Info:    External font `cmex10' loaded for size
(Font)              <7> on input line 2.
LaTeX Font Info:    External font `cmex10' loaded for size
(Font)              <5> on input line 2.
 [1

])
\tf@toc=\write4
\openout4 = `index.toc'.


[2]
Chapter 1.
(./sp_adder_tree.tex) [3

] (./sp_barrel_switcher.tex) [4] (./sp_bit_reverse.tex) [5] (./sp_cmult_4bit_br
_.tex) [6] (./sp_cmult_4bit_br.tex
Overfull \hbox (53.77591pt too wide) in paragraph at lines 3--3
[]\OT1/cmr/bx/n/14.4 Complex 4-bit Mul-ti-plier Im-ple-mented in Block RAM \OT1
/cmr/bx/it/14.4 (cmult[]4bit[]br) 
 []

) [7] (./sp_cmult_4bit_em_.tex) [8] (./sp_cmult_4bit_em.tex) [9]
(./sp_cmult_4bit_sl_.tex) [10] (./sp_cmult_4bit_sl.tex
Overfull \hbox (6.0054pt too wide) in paragraph at lines 1--1
[]\OT1/cmr/bx/n/14.4 Complex 4-bit Mul-ti-plier Im-ple-mented in Slices \OT1/cm
r/bx/it/14.4 (cmult[]4bit[]sl) 
 []

) [11] (./sp_complex_addsub.tex) [12] (./sp_c_to_ri.tex) [13] (./sp_dds.tex)
[14] (./sp_dec_fir.tex) [15] (./sp_delay_bram_en_plus.tex) [16]
(./sp_delay_bram_prog.tex
Overfull \hbox (3.2728pt too wide) in paragraph at lines 6--6
[]\OT1/cmr/bx/n/14.4 The Pro-grammable De-lay in BRAM Block \OT1/cmr/bx/it/14.4
 (de-lay[]bram[]prog) 
 []

) [17] (./sp_delay_bram.tex) [18] (./sp_delay_complex.tex) [19]
(./sp_delay_slr.tex) [20] (./sp_dram_vacc.tex) [21] (./sp_dram_vacc_tvg.tex
Overfull \hbox (49.91661pt too wide) in paragraph at lines 4--4
[]\OT1/cmr/bx/n/14.4 DRAM Vec-tor Ac-cu-mu-la-tor Test Vec-tor Gen-er-a-tor \OT
1/cmr/bx/it/14.4 (dram[]vacc[]tvg) 
 []

) [22] (./sp_edge.tex) [23] (./sp_fft_biplex_real_2x.tex
Overfull \hbox (89.20497pt too wide) in paragraph at lines 6--6
[]\OT1/cmr/bx/n/14.4 Real-sampled Bi-plex FFT (with out-put de-muxed by 2) \OT1
/cmr/bx/it/14.4 (fft[]biplex[]real[]2x) 
 []

) [24] [25] (./sp_fft_biplex_real_4x.tex
Overfull \hbox (89.20497pt too wide) in paragraph at lines 6--6
[]\OT1/cmr/bx/n/14.4 Real-sampled Bi-plex FFT (with out-put de-muxed by 4) \OT1
/cmr/bx/it/14.4 (fft[]biplex[]real[]4x) 
 []

) [26] [27] (./sp_fft.tex [28]) [29] (./sp_fft_wideband_real.tex [30]) [31]
(./sp_fir_col.tex) [32] (./sp_fir_dbl_col.tex [33]) [34] (./sp_fir_tap.tex)
[35] (./sp_freeze_cntr.tex) [36] (./sp_lo_const.tex) [37] (./sp_lo_osc.tex)
[38] (./sp_mixer.tex) [39] (./sp_negedge.tex) [40] (./sp_partial_delay.tex)
[41] (./sp_pfb_fir_real.tex [42]) [43] [44] (./sp_pfb_fir.tex [45] [46])
[47] (./sp_posedge.tex) [48] (./sp_power.tex) [49] (./sp_pulse_ext.tex)
[50] (./sp_rcmult.tex) [51] (./sp_reorder.tex) [52] (./sp_ri_to_c.tex) [53]
(./sp_square_transposer.tex) [54] (./sp_stopwatch.tex) [55]
(./sp_sync_delay_en.tex) [56] (./sp_sync_delay_prog.tex) [57]
(./sp_sync_delay.tex
LaTeX Font Info:    Try loading font information for OMS+cmr on input line 19.
 (/usr/share/texmf-texlive/tex/latex/base/omscmr.fd
File: omscmr.fd 1999/05/25 v2.5h Standard LaTeX font definitions
)
LaTeX Font Info:    Font shape `OMS/cmr/m/n' in size <10> not available
(Font)              Font shape `OMS/cmsy/m/n' tried instead on input line 19.
)
[58] (./sp_win_x_engine.tex [59]

LaTeX Warning: `h' float specifier changed to `ht'.

) [60] [61] (./sp_xeng_tvg.tex) [62]
Chapter 2.
(./com_ten_GbE.tex [63

]
Underfull \hbox (badness 10000) in paragraph at lines 83--83

 []

[64]) [65] (./com_xaui.tex
Underfull \hbox (badness 10000) in paragraph at lines 36--36

 []

[66]) [67]
Chapter 3.
(./sys_adc.tex [68

]
Overfull \hbox (8.82814pt too wide) in paragraph at lines 50--50
\OT1/cmr/m/n/10 through ZDOK con-nec-tors for high-speed se-rial data I/O. Ana-
log data is dig-i-tized us-ing an At-mel AT84AD001B
 []

[69]) [70] (./sys_dac.tex)
Underfull \hbox (badness 10000) in paragraph at lines 27--150

 []

[71] (./sys_dram.tex [72]
Overfull \hbox (19.06342pt too wide) in paragraph at lines 157--157
 [] \OT1/cmr/m/n/10 From Mi-cron's datasheet on the \OT1/cmr/m/it/10 MT47H64M8C
D-37E \OT1/cmr/m/n/10 (as used by CASPER in its Cru-cial 1GB \OT1/cmr/m/it/10 C
T12872AA53E
 []


LaTeX Warning: `h' float specifier changed to `ht'.

[73]) [74] (./sys_snap64.tex) [75] (./sys_snap.tex) [76]
(./sys_software_register.tex) [77] (./sys_sram.tex) [78]
(./sys_xsg_core_config.tex) [79] (./index.aux) ) 
Here is how much of TeX's memory you used:
 831 strings out of 95212
 10365 string characters out of 1185453
 63129 words of memory out of 1000000
 3842 multiletter control sequences out of 10000+50000
 10119 words of font info for 35 fonts, out of 500000 for 2000
 28 hyphenation exceptions out of 8191
 25i,12n,25p,1009b,198s stack positions out of 1500i,500n,5000p,200000b,5000s
PDF statistics:
 290 PDF objects out of 300000
 0 named destinations out of 131072
 1 words of extra memory for PDF output out of 10000
</usr/share/texmf-texlive/fonts
/type1/bluesky/cm/cmsy7.pfb></usr/share/texmf-texlive/fonts/type1/bluesky/cm/cm
mi7.pfb></usr/share/texmf-texlive/fonts/type1/bluesky/cm/cmsy10.pfb></usr/share
/texmf-texlive/fonts/type1/bluesky/cm/cmr7.pfb></usr/share/texmf-texlive/fonts/
type1/bluesky/cm/cmmi10.pfb></usr/share/texmf-texlive/fonts/type1/bluesky/cm/cm
bxti10.pfb></usr/share/texmf-texlive/fonts/type1/bluesky/cm/cmti10.pfb></usr/sh
are/texmf-texlive/fonts/type1/bluesky/cm/cmr10.pfb></usr/share/texmf-texlive/fo
nts/type1/bluesky/cm/cmbx10.pfb></usr/share/texmf-texlive/fonts/type1/bluesky/c
m/cmr12.pfb></usr/share/texmf-texlive/fonts/type1/bluesky/cm/cmr17.pfb></usr/sh
are/texmf-texlive/fonts/type1/bluesky/cm/cmbx12.pfb>
Output written on index.pdf (80 pages, 305349 bytes).
